{"kind":"plugin","case":"READY","name":"transport","level":300,"isot":"2022-06-23T14:58:46.209Z","when":1655996326209,"level_name":"info","seneca_id":"o3bc8q5lticz/1655996326138/12270/3.28.2/-","seneca_did":"aaz4","plugin_name":"transport"}
null { answer: 4 } Meta {
  start: 1655996326192,
  mi: '1k8xyvah35h8',
  tx: '9480l9ny6hd6',
  id: '1k8xyvah35h8/9480l9ny6hd6',
  version: '0.1.0',
  gate: undefined,
  fatal: undefined,
  closing: undefined,
  sync: true,
  local: undefined,
  remote: false,
  timeout: 22222,
  instance: 'o3bc8q5lticz/1655996326138/12270/3.28.2/-',
  tag: '-',
  seneca: '3.28.2',
  dflt: undefined,
  custom: {},
  plugin: { name: 'root$', tag: undefined, fullname: 'root$' },
  prior: undefined,
  caller: undefined,
  parents: [],
  trace: [],
  sub: null,
  data: null,
  err: null,
  err_trace: null,
  error: false,
  empty: null,
  pattern: 'cmd:sum,role:math',
  client_pattern: undefined,
  action: 'action_8',
  end: 1655996326215
}
null { answer: 3 } Meta {
  start: 1655996326192,
  mi: 'qr1brxog10bv',
  tx: '491dpwp3f1m3',
  id: 'qr1brxog10bv/491dpwp3f1m3',
  version: '0.1.0',
  gate: undefined,
  fatal: undefined,
  closing: undefined,
  sync: true,
  local: undefined,
  remote: false,
  timeout: 22222,
  instance: 'o3bc8q5lticz/1655996326138/12270/3.28.2/-',
  tag: '-',
  seneca: '3.28.2',
  dflt: undefined,
  custom: {},
  plugin: { name: 'root$', tag: undefined, fullname: 'root$' },
  prior: undefined,
  caller: undefined,
  parents: [],
  trace: [],
  sub: null,
  data: null,
  err: null,
  err_trace: null,
  error: false,
  empty: null,
  pattern: 'cmd:sum,integer:true,role:math',
  client_pattern: undefined,
  action: 'action_9',
  end: 1655996326219
}
null { answer: 4 } Meta {
  start: 1655996326193,
  mi: 'rsehlt2mrm1l',
  tx: 'jcmz6ljgc5uo',
  id: 'rsehlt2mrm1l/jcmz6ljgc5uo',
  version: '0.1.0',
  gate: undefined,
  fatal: undefined,
  closing: undefined,
  sync: true,
  local: undefined,
  remote: false,
  timeout: 22222,
  instance: 'o3bc8q5lticz/1655996326138/12270/3.28.2/-',
  tag: '-',
  seneca: '3.28.2',
  dflt: undefined,
  custom: {},
  plugin: { name: 'root$', tag: undefined, fullname: 'root$' },
  prior: undefined,
  caller: undefined,
  parents: [],
  trace: [],
  sub: null,
  data: null,
  err: null,
  err_trace: null,
  error: false,
  empty: null,
  pattern: 'cmd:sum,role:math',
  client_pattern: undefined,
  action: 'action_8',
  end: 1655996326220
}
null { answer: 3 } Meta {
  start: 1655996326193,
  mi: 'w54pkyjyomml',
  tx: 'yce7fcaq2uu3',
  id: 'w54pkyjyomml/yce7fcaq2uu3',
  version: '0.1.0',
  gate: undefined,
  fatal: undefined,
  closing: undefined,
  sync: true,
  local: undefined,
  remote: false,
  timeout: 22222,
  instance: 'o3bc8q5lticz/1655996326138/12270/3.28.2/-',
  tag: '-',
  seneca: '3.28.2',
  dflt: undefined,
  custom: {},
  plugin: { name: 'root$', tag: undefined, fullname: 'root$' },
  prior: undefined,
  caller: undefined,
  parents: [],
  trace: [],
  sub: null,
  data: null,
  err: null,
  err_trace: null,
  error: false,
  empty: null,
  pattern: 'cmd:sum,integer:true,role:math',
  client_pattern: undefined,
  action: 'action_9',
  end: 1655996326221
}
{"kind":"notice","data":"hello o3bc8q5lticz/1655996326138/12270/3.28.2/-","level":300,"isot":"2022-06-23T14:58:46.303Z","when":1655996326303,"level_name":"info","seneca_id":"o3bc8q5lticz/1655996326138/12270/3.28.2/-"}
